2026-01-11 22:52:32 | INFO | P03 | === RUN START ===
2026-01-11 22:52:32 | INFO | P03 | project=Analytics: Read, Process, and Write Data
2026-01-11 22:52:32 | INFO | P03 | repo_dir=datafun-03-analytics
2026-01-11 22:52:32 | INFO | P03 | python=3.14.0
2026-01-11 22:52:32 | INFO | P03 | os=Windows 11
2026-01-11 22:52:32 | INFO | P03 | shell=powershell
2026-01-11 22:52:32 | INFO | P03 | cwd=.
2026-01-11 22:52:32 | INFO | P03 | github_actions=False
2026-01-11 22:52:32 | INFO | P03 | START main()
2026-01-11 22:52:32 | INFO | P03 | END main()
2026-01-11 22:52:37 | INFO | P03 | END main()
2026-01-20 15:27:32 | INFO | P03 | === RUN START ===
2026-01-20 15:27:32 | INFO | P03 | project=Analytics: Read, Process, and Write Data
2026-01-20 15:27:32 | INFO | P03 | repo_dir=datafun-03-analytics
2026-01-20 15:27:32 | INFO | P03 | python=3.14.0
2026-01-20 15:27:32 | INFO | P03 | os=Windows 11
2026-01-20 15:27:32 | INFO | P03 | shell=powershell
2026-01-20 15:27:32 | INFO | P03 | cwd=.
2026-01-20 15:27:32 | INFO | P03 | github_actions=False
2026-01-20 15:27:32 | INFO | P03 | START main()
2026-01-20 15:27:32 | INFO | P03 | END main()
2026-01-20 15:27:38 | INFO | P03 | END main()
2026-01-21 07:22:02 | INFO | P03 | === RUN START ===
2026-01-21 07:22:02 | INFO | P03 | project=P03: Read, Process, Verify, Write (ETVL)
2026-01-21 07:22:02 | INFO | P03 | repo_dir=datafun-03-analytics
2026-01-21 07:22:02 | INFO | P03 | python=3.14.0
2026-01-21 07:22:02 | INFO | P03 | os=Windows 11
2026-01-21 07:22:02 | INFO | P03 | shell=powershell
2026-01-21 07:22:02 | INFO | P03 | cwd=.
2026-01-21 07:22:02 | INFO | P03 | github_actions=False
2026-01-21 07:22:02 | INFO | P03 | START main()
2026-01-21 07:22:02 | INFO | P03 | CSV: START
2026-01-21 07:22:02 | INFO | P03 | CSV: wrote C:\Users\edaci\Documents\datafun\datafun-03-analytics\data\processed\csv_ladder_score_stats.txt
2026-01-21 07:22:02 | INFO | P03 | CSV: END
2026-01-21 07:22:02 | INFO | P03 | XLSX: START
2026-01-21 07:22:02 | INFO | P03 | XLSX: wrote C:\Users\edaci\Documents\datafun\datafun-03-analytics\data\processed\xlsx_feedback_github_count.txt
2026-01-21 07:22:02 | INFO | P03 | XLSX: END
2026-01-21 07:22:02 | INFO | P03 | JSON: START
2026-01-21 07:22:02 | INFO | P03 | JSON: wrote C:\Users\edaci\Documents\datafun\datafun-03-analytics\data\processed\json_astronauts_by_craft.txt
2026-01-21 07:22:02 | INFO | P03 | JSON: END
2026-01-21 07:22:02 | INFO | P03 | TXT: START
2026-01-21 10:17:41 | INFO | P03 | === RUN START ===
2026-01-21 10:17:41 | INFO | P03 | project=Pipelines: Read, Process, Verify, Write (ETVL)
2026-01-21 10:17:41 | INFO | P03 | repo_dir=datafun-03-analytics
2026-01-21 10:17:41 | INFO | P03 | python=3.14.0
2026-01-21 10:17:41 | INFO | P03 | os=Windows 11
2026-01-21 10:17:41 | INFO | P03 | shell=powershell
2026-01-21 10:17:41 | INFO | P03 | cwd=.
2026-01-21 10:17:41 | INFO | P03 | github_actions=False
2026-01-21 10:17:41 | INFO | P03 | START main()
2026-01-21 10:17:41 | INFO | P03 | CSV: START
2026-01-21 10:17:41 | INFO | P03 | CSV: wrote C:\Users\edaci\Documents\datafun\datafun-03-analytics\data\processed\csv_ladder_score_stats.txt
2026-01-21 10:17:41 | INFO | P03 | CSV: END
2026-01-21 10:17:41 | INFO | P03 | XLSX: START
2026-01-21 10:17:41 | INFO | P03 | XLSX: wrote C:\Users\edaci\Documents\datafun\datafun-03-analytics\data\processed\xlsx_feedback_github_count.txt
2026-01-21 10:17:41 | INFO | P03 | XLSX: END
2026-01-21 10:17:41 | INFO | P03 | JSON: START
2026-01-21 10:17:41 | INFO | P03 | JSON: wrote C:\Users\edaci\Documents\datafun\datafun-03-analytics\data\processed\json_astronauts_by_craft.txt
2026-01-21 10:17:41 | INFO | P03 | JSON: END
2026-01-21 10:17:41 | INFO | P03 | TXT: START
2026-01-21 10:19:35 | INFO | P03 | === RUN START ===
2026-01-21 10:19:35 | INFO | P03 | project=Pipelines: Read, Process, Verify, Write (ETVL)
2026-01-21 10:19:35 | INFO | P03 | repo_dir=datafun-03-analytics
2026-01-21 10:19:35 | INFO | P03 | python=3.14.0
2026-01-21 10:19:35 | INFO | P03 | os=Windows 11
2026-01-21 10:19:35 | INFO | P03 | shell=powershell
2026-01-21 10:19:35 | INFO | P03 | cwd=.
2026-01-21 10:19:35 | INFO | P03 | github_actions=False
2026-01-21 10:19:35 | INFO | P03 | START main()
2026-01-21 10:19:35 | INFO | P03 | CSV: START
2026-01-21 10:19:35 | INFO | P03 | CSV: wrote C:\Users\edaci\Documents\datafun\datafun-03-analytics\data\processed\csv_ladder_score_stats.txt
2026-01-21 10:19:35 | INFO | P03 | CSV: END
2026-01-21 10:19:35 | INFO | P03 | XLSX: START
2026-01-21 10:19:35 | INFO | P03 | XLSX: wrote C:\Users\edaci\Documents\datafun\datafun-03-analytics\data\processed\xlsx_feedback_github_count.txt
2026-01-21 10:19:35 | INFO | P03 | XLSX: END
2026-01-21 10:19:35 | INFO | P03 | JSON: START
2026-01-21 10:19:35 | INFO | P03 | JSON: wrote C:\Users\edaci\Documents\datafun\datafun-03-analytics\data\processed\json_astronauts_by_craft.txt
2026-01-21 10:19:35 | INFO | P03 | JSON: END
2026-01-21 10:19:35 | INFO | P03 | TXT: START
2026-01-21 10:19:35 | INFO | P03 | TXT: wrote C:\Users\edaci\Documents\datafun\datafun-03-analytics\data\processed\txt_summary.txt
2026-01-21 10:19:35 | INFO | P03 | TXT: END
2026-01-21 10:19:35 | INFO | P03 | END main()
2026-01-21 10:32:56 | INFO | P03 | === RUN START ===
2026-01-21 10:32:56 | INFO | P03 | project=Pipelines: Read, Process, Verify, Write (ETVL)
2026-01-21 10:32:56 | INFO | P03 | repo_dir=datafun-03-analytics
2026-01-21 10:32:56 | INFO | P03 | python=3.14.0
2026-01-21 10:32:56 | INFO | P03 | os=Windows 11
2026-01-21 10:32:56 | INFO | P03 | shell=powershell
2026-01-21 10:32:56 | INFO | P03 | cwd=.
2026-01-21 10:32:56 | INFO | P03 | github_actions=False
2026-01-21 10:32:56 | INFO | P03 | START main()
2026-01-21 10:32:56 | INFO | P03 | END main()
2026-01-29 00:09:28 | INFO | P03 | === RUN START ===
2026-01-29 00:09:28 | INFO | P03 | project=Pipelines: Read, Process, Verify, Write (ETVL)
2026-01-29 00:09:28 | INFO | P03 | repo_dir=datafun-03-analytics
2026-01-29 00:09:28 | INFO | P03 | python=3.14.2
2026-01-29 00:09:28 | INFO | P03 | os=Windows 11
2026-01-29 00:09:28 | INFO | P03 | shell=powershell
2026-01-29 00:09:28 | INFO | P03 | cwd=.
2026-01-29 00:09:28 | INFO | P03 | github_actions=False
2026-01-29 00:09:28 | INFO | P03 | START main()
2026-01-29 00:09:28 | INFO | P03 | END main()
2026-01-29 00:09:34 | INFO | P03 | === RUN START ===
2026-01-29 00:09:34 | INFO | P03 | project=Pipelines: Read, Process, Verify, Write (ETVL)
2026-01-29 00:09:34 | INFO | P03 | repo_dir=datafun-03-analytics
2026-01-29 00:09:34 | INFO | P03 | python=3.14.2
2026-01-29 00:09:34 | INFO | P03 | os=Windows 11
2026-01-29 00:09:34 | INFO | P03 | shell=powershell
2026-01-29 00:09:34 | INFO | P03 | cwd=.
2026-01-29 00:09:34 | INFO | P03 | github_actions=False
2026-01-29 00:09:34 | INFO | P03 | START main()
2026-01-29 00:09:34 | INFO | P03 | END main()
2026-01-29 00:20:58 | INFO | P03 | === RUN START ===
2026-01-29 00:20:58 | INFO | P03 | project=Pipelines: Read, Process, Verify, Write (ETVL)
2026-01-29 00:20:58 | INFO | P03 | repo_dir=datafun-03-analytics
2026-01-29 00:20:58 | INFO | P03 | python=3.14.2
2026-01-29 00:20:58 | INFO | P03 | os=Windows 11
2026-01-29 00:20:58 | INFO | P03 | shell=powershell
2026-01-29 00:20:58 | INFO | P03 | cwd=.
2026-01-29 00:20:58 | INFO | P03 | github_actions=False
2026-01-29 00:20:58 | INFO | P03 | START main()
2026-01-29 00:20:58 | INFO | P03 | END main()
2026-01-29 22:33:39 | INFO | P03 | EXTRACT: reading C:\Repos\datafun-03-analytics\data\raw\danilo_holidays.csv
2026-01-29 22:33:39 | INFO | P03 | TRANSFORM: rows=5
2026-01-29 22:33:39 | INFO | P03 | LOAD: writing C:\Repos\datafun-03-analytics\data\processed\danilotraconis_holiday_summary.txt
2026-01-29 22:33:39 | INFO | P03 | PIPELINE DONE
2026-01-29 22:41:35 | INFO | P03 | === RUN START ===
2026-01-29 22:41:35 | INFO | P03 | project=Pipelines: Read, Process, Verify, Write (ETVL)
2026-01-29 22:41:35 | INFO | P03 | repo_dir=datafun-03-analytics
2026-01-29 22:41:35 | INFO | P03 | python=3.14.2
2026-01-29 22:41:35 | INFO | P03 | os=Windows 11
2026-01-29 22:41:35 | INFO | P03 | shell=powershell
2026-01-29 22:41:35 | INFO | P03 | cwd=.
2026-01-29 22:41:35 | INFO | P03 | github_actions=False
2026-01-29 22:41:35 | INFO | P03 | START main()
2026-01-29 22:41:35 | INFO | P03 | END main()
2026-01-29 22:42:35 | INFO | P03 | === RUN START ===
2026-01-29 22:42:35 | INFO | P03 | project=Pipelines: Read, Process, Verify, Write (ETVL)
2026-01-29 22:42:35 | INFO | P03 | repo_dir=datafun-03-analytics
2026-01-29 22:42:35 | INFO | P03 | python=3.14.2
2026-01-29 22:42:35 | INFO | P03 | os=Windows 11
2026-01-29 22:42:35 | INFO | P03 | shell=powershell
2026-01-29 22:42:35 | INFO | P03 | cwd=.
2026-01-29 22:42:35 | INFO | P03 | github_actions=False
2026-01-29 22:42:35 | INFO | P03 | START main()
2026-01-29 22:47:38 | INFO | P03 | === RUN START ===
2026-01-29 22:47:38 | INFO | P03 | project=Pipelines: Read, Process, Verify, Write (ETVL)
2026-01-29 22:47:38 | INFO | P03 | repo_dir=datafun-03-analytics
2026-01-29 22:47:38 | INFO | P03 | python=3.14.2
2026-01-29 22:47:38 | INFO | P03 | os=Windows 11
2026-01-29 22:47:38 | INFO | P03 | shell=powershell
2026-01-29 22:47:38 | INFO | P03 | cwd=.
2026-01-29 22:47:38 | INFO | P03 | github_actions=False
2026-01-29 22:47:38 | INFO | P03 | START main()
2026-01-29 22:47:38 | INFO | P03 | EXTRACT: reading C:\Repos\datafun-03-analytics\data\raw\danilo_holidays.csv
2026-01-29 22:47:38 | INFO | P03 | TRANSFORM: rows=5
2026-01-29 22:47:38 | INFO | P03 | LOAD: writing C:\Repos\datafun-03-analytics\data\processed\danilotraconis_holiday_summary.txt
2026-01-29 22:47:38 | INFO | P03 | PIPELINE DONE
2026-01-29 22:47:38 | INFO | P03 | END main()
2026-01-29 23:04:35 | INFO | P03 | === RUN START ===
2026-01-29 23:04:35 | INFO | P03 | project=Pipelines: Read, Process, Verify, Write (ETVL)
2026-01-29 23:04:35 | INFO | P03 | repo_dir=datafun-03-analytics
2026-01-29 23:04:35 | INFO | P03 | python=3.14.2
2026-01-29 23:04:35 | INFO | P03 | os=Windows 11
2026-01-29 23:04:35 | INFO | P03 | shell=powershell
2026-01-29 23:04:35 | INFO | P03 | cwd=.
2026-01-29 23:04:35 | INFO | P03 | github_actions=False
2026-01-29 23:04:35 | INFO | P03 | START main()
2026-01-29 23:04:35 | INFO | P03 | EXTRACT: reading C:\Repos\datafun-03-analytics\data\raw\danilo_holidays.csv
2026-01-29 23:04:35 | INFO | P03 | TRANSFORM: rows=5
2026-01-29 23:04:35 | INFO | P03 | LOAD: writing C:\Repos\datafun-03-analytics\data\processed\danilotraconis_holiday_summary.txt
2026-01-29 23:04:35 | INFO | P03 | PIPELINE DONE
2026-01-29 23:04:35 | INFO | P03 | END main()
2026-01-29 23:32:22 | INFO | P03 | === RUN START ===
2026-01-29 23:32:22 | INFO | P03 | project=Pipelines: Read, Process, Verify, Write (ETVL)
2026-01-29 23:32:22 | INFO | P03 | repo_dir=datafun-03-analytics
2026-01-29 23:32:22 | INFO | P03 | python=3.14.2
2026-01-29 23:32:22 | INFO | P03 | os=Windows 11
2026-01-29 23:32:22 | INFO | P03 | shell=powershell
2026-01-29 23:32:22 | INFO | P03 | cwd=.
2026-01-29 23:32:22 | INFO | P03 | github_actions=False
2026-01-29 23:32:22 | INFO | P03 | START main()
2026-01-29 23:32:22 | INFO | P03 | EXTRACT: reading C:\Repos\datafun-03-analytics\data\raw\danilo_holidays.csv
2026-01-29 23:32:22 | INFO | P03 | TRANSFORM: rows=5
2026-01-29 23:32:22 | INFO | P03 | LOAD: writing C:\Repos\datafun-03-analytics\data\processed\danilotraconis_holiday_summary.txt
2026-01-29 23:32:22 | INFO | P03 | PIPELINE DONE
2026-01-29 23:32:22 | INFO | P03 | END main()
2026-01-30 00:22:51 | INFO | P03 | === RUN START ===
2026-01-30 00:22:51 | INFO | P03 | project=Pipelines: Read, Process, Verify, Write (ETVL)
2026-01-30 00:22:51 | INFO | P03 | repo_dir=datafun-03-analytics
2026-01-30 00:22:51 | INFO | P03 | python=3.14.2
2026-01-30 00:22:51 | INFO | P03 | os=Windows 11
2026-01-30 00:22:51 | INFO | P03 | shell=powershell
2026-01-30 00:22:51 | INFO | P03 | cwd=.
2026-01-30 00:22:51 | INFO | P03 | github_actions=False
2026-01-30 00:22:51 | INFO | P03 | START main()
2026-01-30 00:22:51 | INFO | P03 | EXTRACT: reading C:\Repos\datafun-03-analytics\data\raw\danilo_holidays.csv
2026-01-30 00:22:51 | INFO | P03 | TRANSFORM: rows=5
2026-01-30 00:22:51 | INFO | P03 | LOAD: writing C:\Repos\datafun-03-analytics\data\processed\danilotraconis_holiday_summary.txt
2026-01-30 00:22:51 | INFO | P03 | PIPELINE DONE
2026-01-30 00:22:51 | INFO | P03 | END main()
2026-01-30 00:49:48 | INFO | P03 | CSV (texts_by_age): START
2026-01-30 00:49:48 | INFO | P03 | EXTRACT: reading C:\Repos\datafun-03-analytics\data\raw\texts_by_age.csv
2026-01-30 00:49:48 | INFO | P03 | TRANSFORM: rows=16
2026-01-30 00:49:48 | INFO | P03 | LOAD: writing C:\Repos\datafun-03-analytics\data\processed\danilotraconis_texts_by_age_stats.txt
2026-01-30 00:49:48 | INFO | P03 | CSV (texts_by_age): wrote C:\Repos\datafun-03-analytics\data\processed\danilotraconis_texts_by_age_stats.txt
2026-01-30 00:49:48 | INFO | P03 | CSV (texts_by_age): END
2026-01-30 00:54:23 | INFO | P03 | === RUN START ===
2026-01-30 00:54:23 | INFO | P03 | project=Pipelines: Read, Process, Verify, Write (ETVL)
2026-01-30 00:54:23 | INFO | P03 | repo_dir=datafun-03-analytics
2026-01-30 00:54:23 | INFO | P03 | python=3.14.2
2026-01-30 00:54:23 | INFO | P03 | os=Windows 11
2026-01-30 00:54:23 | INFO | P03 | shell=powershell
2026-01-30 00:54:23 | INFO | P03 | cwd=.
2026-01-30 00:54:23 | INFO | P03 | github_actions=False
2026-01-30 00:54:23 | INFO | P03 | START main()
2026-01-30 00:54:23 | INFO | P03 | CSV (texts_by_age): START
2026-01-30 00:54:23 | INFO | P03 | EXTRACT: reading C:\Repos\datafun-03-analytics\data\raw\texts_by_age.csv
2026-01-30 00:54:23 | INFO | P03 | TRANSFORM: rows=16
2026-01-30 00:54:23 | INFO | P03 | LOAD: writing C:\Repos\datafun-03-analytics\data\processed\danilotraconis_texts_by_age_stats.txt
2026-01-30 00:54:23 | INFO | P03 | CSV (texts_by_age): wrote C:\Repos\datafun-03-analytics\data\processed\danilotraconis_texts_by_age_stats.txt
2026-01-30 00:54:23 | INFO | P03 | CSV (texts_by_age): END
2026-01-30 00:54:23 | INFO | P03 | END main()
2026-01-30 20:37:24 | INFO | P03 | === RUN START ===
2026-01-30 20:37:24 | INFO | P03 | project=Pipelines: Read, Process, Verify, Write (ETVL)
2026-01-30 20:37:24 | INFO | P03 | repo_dir=datafun-03-analytics
2026-01-30 20:37:24 | INFO | P03 | python=3.14.2
2026-01-30 20:37:24 | INFO | P03 | os=Windows 11
2026-01-30 20:37:24 | INFO | P03 | shell=powershell
2026-01-30 20:37:24 | INFO | P03 | cwd=.
2026-01-30 20:37:24 | INFO | P03 | github_actions=False
2026-01-30 20:37:24 | INFO | P03 | START main()
2026-01-30 20:37:24 | INFO | P03 | CSV (texts_by_age): START
2026-01-30 20:37:24 | INFO | P03 | EXTRACT: reading C:\Repos\datafun-03-analytics\data\raw\texts_by_age.csv
2026-01-30 20:37:24 | INFO | P03 | TRANSFORM: rows=16
2026-01-30 20:37:24 | INFO | P03 | LOAD: writing C:\Repos\datafun-03-analytics\data\processed\danilotraconis_texts_by_age_stats.txt
2026-01-30 20:37:24 | INFO | P03 | CSV (texts_by_age): wrote C:\Repos\datafun-03-analytics\data\processed\danilotraconis_texts_by_age_stats.txt
2026-01-30 20:37:24 | INFO | P03 | CSV (texts_by_age): END
2026-01-30 20:37:24 | INFO | P03 | CSV (happiness): START
2026-01-30 20:37:24 | INFO | P03 | CSV (happiness): wrote C:\Repos\datafun-03-analytics\data\processed\danilotraconis_happiness_stats.txt
2026-01-30 20:37:24 | INFO | P03 | CSV (happiness): END
2026-01-30 20:37:24 | INFO | P03 | END main()
2026-01-30 20:42:24 | INFO | P03 | === RUN START ===
2026-01-30 20:42:24 | INFO | P03 | project=Pipelines: Read, Process, Verify, Write (ETVL)
2026-01-30 20:42:24 | INFO | P03 | repo_dir=datafun-03-analytics
2026-01-30 20:42:24 | INFO | P03 | python=3.14.2
2026-01-30 20:42:24 | INFO | P03 | os=Windows 11
2026-01-30 20:42:24 | INFO | P03 | shell=powershell
2026-01-30 20:42:24 | INFO | P03 | cwd=.
2026-01-30 20:42:24 | INFO | P03 | github_actions=False
2026-01-30 20:42:24 | INFO | P03 | START main()
2026-01-30 20:42:24 | INFO | P03 | CSV (texts_by_age): START
2026-01-30 20:42:24 | INFO | P03 | EXTRACT: reading C:\Repos\datafun-03-analytics\data\raw\texts_by_age.csv
2026-01-30 20:42:24 | INFO | P03 | TRANSFORM: rows=16
2026-01-30 20:42:24 | INFO | P03 | LOAD: writing C:\Repos\datafun-03-analytics\data\processed\danilotraconis_texts_by_age_stats.txt
2026-01-30 20:42:24 | INFO | P03 | CSV (texts_by_age): wrote C:\Repos\datafun-03-analytics\data\processed\danilotraconis_texts_by_age_stats.txt
2026-01-30 20:42:24 | INFO | P03 | CSV (texts_by_age): END
2026-01-30 20:42:24 | INFO | P03 | CSV (happiness): START
2026-01-30 20:42:24 | INFO | P03 | CSV (happiness): wrote C:\Repos\datafun-03-analytics\data\processed\danilotraconis_happiness_ladder_stats.txt
2026-01-30 20:42:24 | INFO | P03 | CSV (happiness): END
2026-01-30 20:42:24 | INFO | P03 | END main()
2026-01-30 20:54:39 | INFO | P03 | === RUN START ===
2026-01-30 20:54:39 | INFO | P03 | project=Pipelines: Read, Process, Verify, Write (ETVL)
2026-01-30 20:54:39 | INFO | P03 | repo_dir=datafun-03-analytics
2026-01-30 20:54:39 | INFO | P03 | python=3.14.2
2026-01-30 20:54:39 | INFO | P03 | os=Windows 11
2026-01-30 20:54:39 | INFO | P03 | shell=powershell
2026-01-30 20:54:39 | INFO | P03 | cwd=.
2026-01-30 20:54:39 | INFO | P03 | github_actions=False
2026-01-30 20:54:39 | INFO | P03 | START main()
2026-01-30 20:54:39 | INFO | P03 | CSV (texts_by_age): START
2026-01-30 20:54:39 | INFO | P03 | EXTRACT: reading C:\Repos\datafun-03-analytics\data\raw\texts_by_age.csv
2026-01-30 20:54:39 | INFO | P03 | TRANSFORM: rows=16
2026-01-30 20:54:39 | INFO | P03 | LOAD: writing C:\Repos\datafun-03-analytics\data\processed\danilotraconis_texts_by_age_stats.txt
2026-01-30 20:54:39 | INFO | P03 | CSV (texts_by_age): wrote C:\Repos\datafun-03-analytics\data\processed\danilotraconis_texts_by_age_stats.txt
2026-01-30 20:54:39 | INFO | P03 | CSV (texts_by_age): END
2026-01-30 20:54:39 | INFO | P03 | CSV (happiness): START
2026-01-30 20:54:39 | INFO | P03 | CSV (happiness): wrote C:\Repos\datafun-03-analytics\data\processed\danilotraconis_happiness_ladder_stats.txt
2026-01-30 20:54:39 | INFO | P03 | CSV (happiness): END
2026-01-30 20:54:39 | INFO | P03 | END main()
